<?xml version="1.0" encoding="UTF-8"?>
<!-- Generated by org.testng.reporters.JUnitReportReporter -->
<testsuite hostname="DESKTOP-L6FTIVI" failures="0" tests="1" name="Automation.MAZAD.login" time="19.868" errors="0" timestamp="2024-05-22T01:23:23 IST" skipped="0">
  <testcase classname="Automation.MAZAD.login" name="verifyLogin" time="19.868"/>
  <system-out/>
</testsuite> <!-- Automation.MAZAD.login -->
